Arguments: 
  C:\Program Files\nodejs\node.exe C:\Users\praju\AppData\Roaming\npm\node_modules\yarn\bin\yarn.js init

PATH: 
  C:\Program Files\Microsoft MPI\Bin\;C:\Program Files (x86)\Common Files\Intel\Shared Libraries\redist\intel64\compiler;C:\Program Files\Common Files\Oracle\Java\javapath;C:\Program Files (x86)\Common Files\Oracle\Java\javapath;C:\Windows\system32;C:\Windows;C:\Windows\System32\Wbem;C:\Windows\System32\WindowsPowerShell\v1.0\;C:\Windows\System32\OpenSSH\;C:\Program Files\nodejs\;C:\Program Files\Java\jdk-18\bin;C:\Program Files\dotnet\;C:\xampp1\php;C:\ProgramData\ComposerSetup\bin;C:\Program Files\Git\cmd;C:\Program Files\PostgreSQL\14\scripts;C:\Program Files\heroku\bin;C:\Users\praju\AppData\Local\Programs\Python\Python310\Scripts\;C:\Users\praju\AppData\Local\Programs\Python\Python310\;C:\Users\praju\AppData\Local\Microsoft\WindowsApps;C:\Users\praju\AppData\Roaming\npm;C:\Users\praju\AppData\Local\Programs\Microsoft VS Code\bin;C:\Users\praju\AppData\Local\GitHubDesktop\bin;C:\Program Files\Java\jdk-18\bin;C:\Program Files\JetBrains\PyCharm Community Edition 2022.1\bin;C:\Users\praju\AppData\Local\atom\bin;C:\Program Files\Git\bin;C:\Users\praju\AppData\Local\Programs\MiKTeX\miktex\bin\x64\;C:\Users\praju\AppData\Roaming\Composer\vendor\bin;C:\Program Files\JetBrains\IntelliJ IDEA 2022.1.1\bin;;C:\Program Files\JetBrains\PyCharm 2022.1.1\bin;;C:\Users\praju\AppData\Local\Programs\oh-my-posh\bin;C:\Program Files\PostgreSQL\14\scripts;C:\Program Files\heroku\bin;C:\Program Files\heroku\bin;

Yarn version: 
  1.22.18

Node version: 
  16.14.2

Platform: 
  win32 x64

Trace: 
  Error: canceled
      at Interface.<anonymous> (C:\Users\praju\AppData\Roaming\npm\node_modules\yarn\lib\cli.js:137143:13)
      at Interface.emit (node:events:526:28)
      at Interface._ttyWrite (node:readline:1081:16)
      at ReadStream.onkeypress (node:readline:288:10)
      at ReadStream.emit (node:events:526:28)
      at emitKeys (node:internal/readline/utils:358:14)
      at emitKeys.next (<anonymous>)
      at ReadStream.onData (node:internal/readline/emitKeypressEvents:61:36)
      at ReadStream.emit (node:events:526:28)
      at addChunk (node:internal/streams/readable:315:12)

npm manifest: 
  No manifest

yarn manifest: 
  No manifest

Lockfile: 
  No lockfile
